<?xml version="1.0" encoding="UTF-8"?>
<testsuite xmlns:xsi="http://www.w3.org/2001/XMLSchema-instance" xsi:noNamespaceSchemaLocation="https://maven.apache.org/surefire/maven-surefire-plugin/xsd/surefire-test-report.xsd" name="org.flightBooking.Services.FlightServiceTest" time="0.299" tests="1" errors="0" skipped="0" failures="0">
  <properties>
    <property name="gopherProxySet" value="false"/>
    <property name="awt.toolkit" value="sun.lwawt.macosx.LWCToolkit"/>
    <property name="file.encoding.pkg" value="sun.io"/>
    <property name="java.specification.version" value="1.8"/>
    <property name="sun.cpu.isalist" value=""/>
    <property name="sun.jnu.encoding" value="UTF-8"/>
    <property name="java.class.path" value="/Users/bhavya/Desktop/Java/springbootstarterparent1/target/test-classes:/Users/bhavya/Desktop/Java/springbootstarterparent1/target/classes:/Users/bhavya/apache-maven-3.6.2/repo/org/springframework/boot/spring-boot-starter-thymeleaf/2.1.6.RELEASE/spring-boot-starter-thymeleaf-2.1.6.RELEASE.jar:/Users/bhavya/apache-maven-3.6.2/repo/org/springframework/boot/spring-boot-starter/2.1.6.RELEASE/spring-boot-starter-2.1.6.RELEASE.jar:/Users/bhavya/apache-maven-3.6.2/repo/org/springframework/boot/spring-boot/2.1.6.RELEASE/spring-boot-2.1.6.RELEASE.jar:/Users/bhavya/apache-maven-3.6.2/repo/org/springframework/boot/spring-boot-autoconfigure/2.1.6.RELEASE/spring-boot-autoconfigure-2.1.6.RELEASE.jar:/Users/bhavya/apache-maven-3.6.2/repo/org/springframework/boot/spring-boot-starter-logging/2.1.6.RELEASE/spring-boot-starter-logging-2.1.6.RELEASE.jar:/Users/bhavya/apache-maven-3.6.2/repo/ch/qos/logback/logback-classic/1.2.3/logback-classic-1.2.3.jar:/Users/bhavya/apache-maven-3.6.2/repo/ch/qos/logback/logback-core/1.2.3/logback-core-1.2.3.jar:/Users/bhavya/apache-maven-3.6.2/repo/org/apache/logging/log4j/log4j-to-slf4j/2.11.2/log4j-to-slf4j-2.11.2.jar:/Users/bhavya/apache-maven-3.6.2/repo/org/apache/logging/log4j/log4j-api/2.11.2/log4j-api-2.11.2.jar:/Users/bhavya/apache-maven-3.6.2/repo/org/slf4j/jul-to-slf4j/1.7.26/jul-to-slf4j-1.7.26.jar:/Users/bhavya/apache-maven-3.6.2/repo/javax/annotation/javax.annotation-api/1.3.2/javax.annotation-api-1.3.2.jar:/Users/bhavya/apache-maven-3.6.2/repo/org/springframework/spring-core/5.1.8.RELEASE/spring-core-5.1.8.RELEASE.jar:/Users/bhavya/apache-maven-3.6.2/repo/org/yaml/snakeyaml/1.23/snakeyaml-1.23.jar:/Users/bhavya/apache-maven-3.6.2/repo/org/thymeleaf/thymeleaf-spring5/3.0.11.RELEASE/thymeleaf-spring5-3.0.11.RELEASE.jar:/Users/bhavya/apache-maven-3.6.2/repo/org/thymeleaf/thymeleaf/3.0.11.RELEASE/thymeleaf-3.0.11.RELEASE.jar:/Users/bhavya/apache-maven-3.6.2/repo/org/attoparser/attoparser/2.0.5.RELEASE/attoparser-2.0.5.RELEASE.jar:/Users/bhavya/apache-maven-3.6.2/repo/org/unbescape/unbescape/1.1.6.RELEASE/unbescape-1.1.6.RELEASE.jar:/Users/bhavya/apache-maven-3.6.2/repo/org/slf4j/slf4j-api/1.7.26/slf4j-api-1.7.26.jar:/Users/bhavya/apache-maven-3.6.2/repo/org/thymeleaf/extras/thymeleaf-extras-java8time/3.0.4.RELEASE/thymeleaf-extras-java8time-3.0.4.RELEASE.jar:/Users/bhavya/apache-maven-3.6.2/repo/org/springframework/boot/spring-boot-starter-freemarker/2.1.6.RELEASE/spring-boot-starter-freemarker-2.1.6.RELEASE.jar:/Users/bhavya/apache-maven-3.6.2/repo/org/freemarker/freemarker/2.3.28/freemarker-2.3.28.jar:/Users/bhavya/apache-maven-3.6.2/repo/org/springframework/spring-context-support/5.1.8.RELEASE/spring-context-support-5.1.8.RELEASE.jar:/Users/bhavya/apache-maven-3.6.2/repo/org/springframework/spring-beans/5.1.8.RELEASE/spring-beans-5.1.8.RELEASE.jar:/Users/bhavya/apache-maven-3.6.2/repo/org/springframework/spring-context/5.1.8.RELEASE/spring-context-5.1.8.RELEASE.jar:/Users/bhavya/apache-maven-3.6.2/repo/org/springframework/boot/spring-boot-starter-web/2.1.6.RELEASE/spring-boot-starter-web-2.1.6.RELEASE.jar:/Users/bhavya/apache-maven-3.6.2/repo/org/springframework/boot/spring-boot-starter-json/2.1.6.RELEASE/spring-boot-starter-json-2.1.6.RELEASE.jar:/Users/bhavya/apache-maven-3.6.2/repo/com/fasterxml/jackson/core/jackson-databind/2.9.9/jackson-databind-2.9.9.jar:/Users/bhavya/apache-maven-3.6.2/repo/com/fasterxml/jackson/core/jackson-annotations/2.9.0/jackson-annotations-2.9.0.jar:/Users/bhavya/apache-maven-3.6.2/repo/com/fasterxml/jackson/core/jackson-core/2.9.9/jackson-core-2.9.9.jar:/Users/bhavya/apache-maven-3.6.2/repo/com/fasterxml/jackson/datatype/jackson-datatype-jdk8/2.9.9/jackson-datatype-jdk8-2.9.9.jar:/Users/bhavya/apache-maven-3.6.2/repo/com/fasterxml/jackson/datatype/jackson-datatype-jsr310/2.9.9/jackson-datatype-jsr310-2.9.9.jar:/Users/bhavya/apache-maven-3.6.2/repo/com/fasterxml/jackson/module/jackson-module-parameter-names/2.9.9/jackson-module-parameter-names-2.9.9.jar:/Users/bhavya/apache-maven-3.6.2/repo/org/springframework/boot/spring-boot-starter-tomcat/2.1.6.RELEASE/spring-boot-starter-tomcat-2.1.6.RELEASE.jar:/Users/bhavya/apache-maven-3.6.2/repo/org/apache/tomcat/embed/tomcat-embed-core/9.0.21/tomcat-embed-core-9.0.21.jar:/Users/bhavya/apache-maven-3.6.2/repo/org/apache/tomcat/embed/tomcat-embed-el/9.0.21/tomcat-embed-el-9.0.21.jar:/Users/bhavya/apache-maven-3.6.2/repo/org/apache/tomcat/embed/tomcat-embed-websocket/9.0.21/tomcat-embed-websocket-9.0.21.jar:/Users/bhavya/apache-maven-3.6.2/repo/org/hibernate/validator/hibernate-validator/6.0.17.Final/hibernate-validator-6.0.17.Final.jar:/Users/bhavya/apache-maven-3.6.2/repo/javax/validation/validation-api/2.0.1.Final/validation-api-2.0.1.Final.jar:/Users/bhavya/apache-maven-3.6.2/repo/org/jboss/logging/jboss-logging/3.3.2.Final/jboss-logging-3.3.2.Final.jar:/Users/bhavya/apache-maven-3.6.2/repo/com/fasterxml/classmate/1.4.0/classmate-1.4.0.jar:/Users/bhavya/apache-maven-3.6.2/repo/org/springframework/spring-web/5.1.8.RELEASE/spring-web-5.1.8.RELEASE.jar:/Users/bhavya/apache-maven-3.6.2/repo/org/springframework/spring-webmvc/5.1.8.RELEASE/spring-webmvc-5.1.8.RELEASE.jar:/Users/bhavya/apache-maven-3.6.2/repo/org/springframework/spring-aop/5.1.8.RELEASE/spring-aop-5.1.8.RELEASE.jar:/Users/bhavya/apache-maven-3.6.2/repo/org/springframework/spring-expression/5.1.8.RELEASE/spring-expression-5.1.8.RELEASE.jar:/Users/bhavya/apache-maven-3.6.2/repo/junit/junit/4.12/junit-4.12.jar:/Users/bhavya/apache-maven-3.6.2/repo/org/hamcrest/hamcrest-core/1.3/hamcrest-core-1.3.jar:/Users/bhavya/apache-maven-3.6.2/repo/org/mockito/mockito-core/3.0.0/mockito-core-3.0.0.jar:/Users/bhavya/apache-maven-3.6.2/repo/net/bytebuddy/byte-buddy/1.9.13/byte-buddy-1.9.13.jar:/Users/bhavya/apache-maven-3.6.2/repo/net/bytebuddy/byte-buddy-agent/1.9.13/byte-buddy-agent-1.9.13.jar:/Users/bhavya/apache-maven-3.6.2/repo/org/objenesis/objenesis/2.6/objenesis-2.6.jar:/Users/bhavya/apache-maven-3.6.2/repo/org/postgresql/postgresql/42.2.8/postgresql-42.2.8.jar:/Users/bhavya/apache-maven-3.6.2/repo/org/springframework/boot/spring-boot-starter-jdbc/2.1.6.RELEASE/spring-boot-starter-jdbc-2.1.6.RELEASE.jar:/Users/bhavya/apache-maven-3.6.2/repo/com/zaxxer/HikariCP/3.2.0/HikariCP-3.2.0.jar:/Users/bhavya/apache-maven-3.6.2/repo/org/springframework/spring-jdbc/5.1.8.RELEASE/spring-jdbc-5.1.8.RELEASE.jar:/Users/bhavya/apache-maven-3.6.2/repo/org/springframework/spring-tx/5.1.8.RELEASE/spring-tx-5.1.8.RELEASE.jar:/Users/bhavya/apache-maven-3.6.2/repo/org/springframework/boot/spring-boot-starter-data-jpa/2.1.6.RELEASE/spring-boot-starter-data-jpa-2.1.6.RELEASE.jar:/Users/bhavya/apache-maven-3.6.2/repo/org/springframework/boot/spring-boot-starter-aop/2.1.6.RELEASE/spring-boot-starter-aop-2.1.6.RELEASE.jar:/Users/bhavya/apache-maven-3.6.2/repo/org/aspectj/aspectjweaver/1.9.4/aspectjweaver-1.9.4.jar:/Users/bhavya/apache-maven-3.6.2/repo/javax/transaction/javax.transaction-api/1.3/javax.transaction-api-1.3.jar:/Users/bhavya/apache-maven-3.6.2/repo/javax/xml/bind/jaxb-api/2.3.1/jaxb-api-2.3.1.jar:/Users/bhavya/apache-maven-3.6.2/repo/javax/activation/javax.activation-api/1.2.0/javax.activation-api-1.2.0.jar:/Users/bhavya/apache-maven-3.6.2/repo/org/hibernate/hibernate-core/5.3.10.Final/hibernate-core-5.3.10.Final.jar:/Users/bhavya/apache-maven-3.6.2/repo/javax/persistence/javax.persistence-api/2.2/javax.persistence-api-2.2.jar:/Users/bhavya/apache-maven-3.6.2/repo/org/javassist/javassist/3.23.2-GA/javassist-3.23.2-GA.jar:/Users/bhavya/apache-maven-3.6.2/repo/antlr/antlr/2.7.7/antlr-2.7.7.jar:/Users/bhavya/apache-maven-3.6.2/repo/org/jboss/jandex/2.0.5.Final/jandex-2.0.5.Final.jar:/Users/bhavya/apache-maven-3.6.2/repo/org/dom4j/dom4j/2.1.1/dom4j-2.1.1.jar:/Users/bhavya/apache-maven-3.6.2/repo/org/hibernate/common/hibernate-commons-annotations/5.0.4.Final/hibernate-commons-annotations-5.0.4.Final.jar:/Users/bhavya/apache-maven-3.6.2/repo/org/springframework/data/spring-data-jpa/2.1.9.RELEASE/spring-data-jpa-2.1.9.RELEASE.jar:/Users/bhavya/apache-maven-3.6.2/repo/org/springframework/data/spring-data-commons/2.1.9.RELEASE/spring-data-commons-2.1.9.RELEASE.jar:/Users/bhavya/apache-maven-3.6.2/repo/org/springframework/spring-orm/5.1.8.RELEASE/spring-orm-5.1.8.RELEASE.jar:/Users/bhavya/apache-maven-3.6.2/repo/org/springframework/spring-aspects/5.1.8.RELEASE/spring-aspects-5.1.8.RELEASE.jar:/Users/bhavya/apache-maven-3.6.2/repo/org/springframework/session/spring-session-core/2.1.7.RELEASE/spring-session-core-2.1.7.RELEASE.jar:/Users/bhavya/apache-maven-3.6.2/repo/org/springframework/spring-jcl/5.1.8.RELEASE/spring-jcl-5.1.8.RELEASE.jar:"/>
    <property name="java.vm.vendor" value="Oracle Corporation"/>
    <property name="sun.arch.data.model" value="64"/>
    <property name="java.vendor.url" value="http://java.oracle.com/"/>
    <property name="user.timezone" value=""/>
    <property name="java.vm.specification.version" value="1.8"/>
    <property name="os.name" value="Mac OS X"/>
    <property name="user.country" value="US"/>
    <property name="sun.java.launcher" value="SUN_STANDARD"/>
    <property name="sun.boot.library.path" value="/Library/Java/JavaVirtualMachines/jdk1.8.0_221.jdk/Contents/Home/jre/lib"/>
    <property name="sun.java.command" value="/Users/bhavya/Desktop/Java/springbootstarterparent1/target/surefire/surefirebooter3854764454795724289.jar /Users/bhavya/Desktop/Java/springbootstarterparent1/target/surefire 2019-11-01T22-00-47_367-jvmRun1 surefire4937373501539028151tmp surefire_06251589180410571476tmp"/>
    <property name="http.nonProxyHosts" value="local|*.local|169.254/16|*.169.254/16"/>
    <property name="surefire.test.class.path" value="/Users/bhavya/Desktop/Java/springbootstarterparent1/target/test-classes:/Users/bhavya/Desktop/Java/springbootstarterparent1/target/classes:/Users/bhavya/apache-maven-3.6.2/repo/org/springframework/boot/spring-boot-starter-thymeleaf/2.1.6.RELEASE/spring-boot-starter-thymeleaf-2.1.6.RELEASE.jar:/Users/bhavya/apache-maven-3.6.2/repo/org/springframework/boot/spring-boot-starter/2.1.6.RELEASE/spring-boot-starter-2.1.6.RELEASE.jar:/Users/bhavya/apache-maven-3.6.2/repo/org/springframework/boot/spring-boot/2.1.6.RELEASE/spring-boot-2.1.6.RELEASE.jar:/Users/bhavya/apache-maven-3.6.2/repo/org/springframework/boot/spring-boot-autoconfigure/2.1.6.RELEASE/spring-boot-autoconfigure-2.1.6.RELEASE.jar:/Users/bhavya/apache-maven-3.6.2/repo/org/springframework/boot/spring-boot-starter-logging/2.1.6.RELEASE/spring-boot-starter-logging-2.1.6.RELEASE.jar:/Users/bhavya/apache-maven-3.6.2/repo/ch/qos/logback/logback-classic/1.2.3/logback-classic-1.2.3.jar:/Users/bhavya/apache-maven-3.6.2/repo/ch/qos/logback/logback-core/1.2.3/logback-core-1.2.3.jar:/Users/bhavya/apache-maven-3.6.2/repo/org/apache/logging/log4j/log4j-to-slf4j/2.11.2/log4j-to-slf4j-2.11.2.jar:/Users/bhavya/apache-maven-3.6.2/repo/org/apache/logging/log4j/log4j-api/2.11.2/log4j-api-2.11.2.jar:/Users/bhavya/apache-maven-3.6.2/repo/org/slf4j/jul-to-slf4j/1.7.26/jul-to-slf4j-1.7.26.jar:/Users/bhavya/apache-maven-3.6.2/repo/javax/annotation/javax.annotation-api/1.3.2/javax.annotation-api-1.3.2.jar:/Users/bhavya/apache-maven-3.6.2/repo/org/springframework/spring-core/5.1.8.RELEASE/spring-core-5.1.8.RELEASE.jar:/Users/bhavya/apache-maven-3.6.2/repo/org/yaml/snakeyaml/1.23/snakeyaml-1.23.jar:/Users/bhavya/apache-maven-3.6.2/repo/org/thymeleaf/thymeleaf-spring5/3.0.11.RELEASE/thymeleaf-spring5-3.0.11.RELEASE.jar:/Users/bhavya/apache-maven-3.6.2/repo/org/thymeleaf/thymeleaf/3.0.11.RELEASE/thymeleaf-3.0.11.RELEASE.jar:/Users/bhavya/apache-maven-3.6.2/repo/org/attoparser/attoparser/2.0.5.RELEASE/attoparser-2.0.5.RELEASE.jar:/Users/bhavya/apache-maven-3.6.2/repo/org/unbescape/unbescape/1.1.6.RELEASE/unbescape-1.1.6.RELEASE.jar:/Users/bhavya/apache-maven-3.6.2/repo/org/slf4j/slf4j-api/1.7.26/slf4j-api-1.7.26.jar:/Users/bhavya/apache-maven-3.6.2/repo/org/thymeleaf/extras/thymeleaf-extras-java8time/3.0.4.RELEASE/thymeleaf-extras-java8time-3.0.4.RELEASE.jar:/Users/bhavya/apache-maven-3.6.2/repo/org/springframework/boot/spring-boot-starter-freemarker/2.1.6.RELEASE/spring-boot-starter-freemarker-2.1.6.RELEASE.jar:/Users/bhavya/apache-maven-3.6.2/repo/org/freemarker/freemarker/2.3.28/freemarker-2.3.28.jar:/Users/bhavya/apache-maven-3.6.2/repo/org/springframework/spring-context-support/5.1.8.RELEASE/spring-context-support-5.1.8.RELEASE.jar:/Users/bhavya/apache-maven-3.6.2/repo/org/springframework/spring-beans/5.1.8.RELEASE/spring-beans-5.1.8.RELEASE.jar:/Users/bhavya/apache-maven-3.6.2/repo/org/springframework/spring-context/5.1.8.RELEASE/spring-context-5.1.8.RELEASE.jar:/Users/bhavya/apache-maven-3.6.2/repo/org/springframework/boot/spring-boot-starter-web/2.1.6.RELEASE/spring-boot-starter-web-2.1.6.RELEASE.jar:/Users/bhavya/apache-maven-3.6.2/repo/org/springframework/boot/spring-boot-starter-json/2.1.6.RELEASE/spring-boot-starter-json-2.1.6.RELEASE.jar:/Users/bhavya/apache-maven-3.6.2/repo/com/fasterxml/jackson/core/jackson-databind/2.9.9/jackson-databind-2.9.9.jar:/Users/bhavya/apache-maven-3.6.2/repo/com/fasterxml/jackson/core/jackson-annotations/2.9.0/jackson-annotations-2.9.0.jar:/Users/bhavya/apache-maven-3.6.2/repo/com/fasterxml/jackson/core/jackson-core/2.9.9/jackson-core-2.9.9.jar:/Users/bhavya/apache-maven-3.6.2/repo/com/fasterxml/jackson/datatype/jackson-datatype-jdk8/2.9.9/jackson-datatype-jdk8-2.9.9.jar:/Users/bhavya/apache-maven-3.6.2/repo/com/fasterxml/jackson/datatype/jackson-datatype-jsr310/2.9.9/jackson-datatype-jsr310-2.9.9.jar:/Users/bhavya/apache-maven-3.6.2/repo/com/fasterxml/jackson/module/jackson-module-parameter-names/2.9.9/jackson-module-parameter-names-2.9.9.jar:/Users/bhavya/apache-maven-3.6.2/repo/org/springframework/boot/spring-boot-starter-tomcat/2.1.6.RELEASE/spring-boot-starter-tomcat-2.1.6.RELEASE.jar:/Users/bhavya/apache-maven-3.6.2/repo/org/apache/tomcat/embed/tomcat-embed-core/9.0.21/tomcat-embed-core-9.0.21.jar:/Users/bhavya/apache-maven-3.6.2/repo/org/apache/tomcat/embed/tomcat-embed-el/9.0.21/tomcat-embed-el-9.0.21.jar:/Users/bhavya/apache-maven-3.6.2/repo/org/apache/tomcat/embed/tomcat-embed-websocket/9.0.21/tomcat-embed-websocket-9.0.21.jar:/Users/bhavya/apache-maven-3.6.2/repo/org/hibernate/validator/hibernate-validator/6.0.17.Final/hibernate-validator-6.0.17.Final.jar:/Users/bhavya/apache-maven-3.6.2/repo/javax/validation/validation-api/2.0.1.Final/validation-api-2.0.1.Final.jar:/Users/bhavya/apache-maven-3.6.2/repo/org/jboss/logging/jboss-logging/3.3.2.Final/jboss-logging-3.3.2.Final.jar:/Users/bhavya/apache-maven-3.6.2/repo/com/fasterxml/classmate/1.4.0/classmate-1.4.0.jar:/Users/bhavya/apache-maven-3.6.2/repo/org/springframework/spring-web/5.1.8.RELEASE/spring-web-5.1.8.RELEASE.jar:/Users/bhavya/apache-maven-3.6.2/repo/org/springframework/spring-webmvc/5.1.8.RELEASE/spring-webmvc-5.1.8.RELEASE.jar:/Users/bhavya/apache-maven-3.6.2/repo/org/springframework/spring-aop/5.1.8.RELEASE/spring-aop-5.1.8.RELEASE.jar:/Users/bhavya/apache-maven-3.6.2/repo/org/springframework/spring-expression/5.1.8.RELEASE/spring-expression-5.1.8.RELEASE.jar:/Users/bhavya/apache-maven-3.6.2/repo/junit/junit/4.12/junit-4.12.jar:/Users/bhavya/apache-maven-3.6.2/repo/org/hamcrest/hamcrest-core/1.3/hamcrest-core-1.3.jar:/Users/bhavya/apache-maven-3.6.2/repo/org/mockito/mockito-core/3.0.0/mockito-core-3.0.0.jar:/Users/bhavya/apache-maven-3.6.2/repo/net/bytebuddy/byte-buddy/1.9.13/byte-buddy-1.9.13.jar:/Users/bhavya/apache-maven-3.6.2/repo/net/bytebuddy/byte-buddy-agent/1.9.13/byte-buddy-agent-1.9.13.jar:/Users/bhavya/apache-maven-3.6.2/repo/org/objenesis/objenesis/2.6/objenesis-2.6.jar:/Users/bhavya/apache-maven-3.6.2/repo/org/postgresql/postgresql/42.2.8/postgresql-42.2.8.jar:/Users/bhavya/apache-maven-3.6.2/repo/org/springframework/boot/spring-boot-starter-jdbc/2.1.6.RELEASE/spring-boot-starter-jdbc-2.1.6.RELEASE.jar:/Users/bhavya/apache-maven-3.6.2/repo/com/zaxxer/HikariCP/3.2.0/HikariCP-3.2.0.jar:/Users/bhavya/apache-maven-3.6.2/repo/org/springframework/spring-jdbc/5.1.8.RELEASE/spring-jdbc-5.1.8.RELEASE.jar:/Users/bhavya/apache-maven-3.6.2/repo/org/springframework/spring-tx/5.1.8.RELEASE/spring-tx-5.1.8.RELEASE.jar:/Users/bhavya/apache-maven-3.6.2/repo/org/springframework/boot/spring-boot-starter-data-jpa/2.1.6.RELEASE/spring-boot-starter-data-jpa-2.1.6.RELEASE.jar:/Users/bhavya/apache-maven-3.6.2/repo/org/springframework/boot/spring-boot-starter-aop/2.1.6.RELEASE/spring-boot-starter-aop-2.1.6.RELEASE.jar:/Users/bhavya/apache-maven-3.6.2/repo/org/aspectj/aspectjweaver/1.9.4/aspectjweaver-1.9.4.jar:/Users/bhavya/apache-maven-3.6.2/repo/javax/transaction/javax.transaction-api/1.3/javax.transaction-api-1.3.jar:/Users/bhavya/apache-maven-3.6.2/repo/javax/xml/bind/jaxb-api/2.3.1/jaxb-api-2.3.1.jar:/Users/bhavya/apache-maven-3.6.2/repo/javax/activation/javax.activation-api/1.2.0/javax.activation-api-1.2.0.jar:/Users/bhavya/apache-maven-3.6.2/repo/org/hibernate/hibernate-core/5.3.10.Final/hibernate-core-5.3.10.Final.jar:/Users/bhavya/apache-maven-3.6.2/repo/javax/persistence/javax.persistence-api/2.2/javax.persistence-api-2.2.jar:/Users/bhavya/apache-maven-3.6.2/repo/org/javassist/javassist/3.23.2-GA/javassist-3.23.2-GA.jar:/Users/bhavya/apache-maven-3.6.2/repo/antlr/antlr/2.7.7/antlr-2.7.7.jar:/Users/bhavya/apache-maven-3.6.2/repo/org/jboss/jandex/2.0.5.Final/jandex-2.0.5.Final.jar:/Users/bhavya/apache-maven-3.6.2/repo/org/dom4j/dom4j/2.1.1/dom4j-2.1.1.jar:/Users/bhavya/apache-maven-3.6.2/repo/org/hibernate/common/hibernate-commons-annotations/5.0.4.Final/hibernate-commons-annotations-5.0.4.Final.jar:/Users/bhavya/apache-maven-3.6.2/repo/org/springframework/data/spring-data-jpa/2.1.9.RELEASE/spring-data-jpa-2.1.9.RELEASE.jar:/Users/bhavya/apache-maven-3.6.2/repo/org/springframework/data/spring-data-commons/2.1.9.RELEASE/spring-data-commons-2.1.9.RELEASE.jar:/Users/bhavya/apache-maven-3.6.2/repo/org/springframework/spring-orm/5.1.8.RELEASE/spring-orm-5.1.8.RELEASE.jar:/Users/bhavya/apache-maven-3.6.2/repo/org/springframework/spring-aspects/5.1.8.RELEASE/spring-aspects-5.1.8.RELEASE.jar:/Users/bhavya/apache-maven-3.6.2/repo/org/springframework/session/spring-session-core/2.1.7.RELEASE/spring-session-core-2.1.7.RELEASE.jar:/Users/bhavya/apache-maven-3.6.2/repo/org/springframework/spring-jcl/5.1.8.RELEASE/spring-jcl-5.1.8.RELEASE.jar:"/>
    <property name="sun.cpu.endian" value="little"/>
    <property name="user.home" value="/Users/bhavya"/>
    <property name="user.language" value="en"/>
    <property name="java.specification.vendor" value="Oracle Corporation"/>
    <property name="java.home" value="/Library/Java/JavaVirtualMachines/jdk1.8.0_221.jdk/Contents/Home/jre"/>
    <property name="basedir" value="/Users/bhavya/Desktop/Java/springbootstarterparent1"/>
    <property name="file.separator" value="/"/>
    <property name="line.separator" value="&#10;"/>
    <property name="java.vm.specification.vendor" value="Oracle Corporation"/>
    <property name="java.specification.name" value="Java Platform API Specification"/>
    <property name="java.awt.graphicsenv" value="sun.awt.CGraphicsEnvironment"/>
    <property name="surefire.real.class.path" value="/Users/bhavya/Desktop/Java/springbootstarterparent1/target/surefire/surefirebooter3854764454795724289.jar"/>
    <property name="sun.boot.class.path" value="/Library/Java/JavaVirtualMachines/jdk1.8.0_221.jdk/Contents/Home/jre/lib/resources.jar:/Library/Java/JavaVirtualMachines/jdk1.8.0_221.jdk/Contents/Home/jre/lib/rt.jar:/Library/Java/JavaVirtualMachines/jdk1.8.0_221.jdk/Contents/Home/jre/lib/sunrsasign.jar:/Library/Java/JavaVirtualMachines/jdk1.8.0_221.jdk/Contents/Home/jre/lib/jsse.jar:/Library/Java/JavaVirtualMachines/jdk1.8.0_221.jdk/Contents/Home/jre/lib/jce.jar:/Library/Java/JavaVirtualMachines/jdk1.8.0_221.jdk/Contents/Home/jre/lib/charsets.jar:/Library/Java/JavaVirtualMachines/jdk1.8.0_221.jdk/Contents/Home/jre/lib/jfr.jar:/Library/Java/JavaVirtualMachines/jdk1.8.0_221.jdk/Contents/Home/jre/classes"/>
    <property name="sun.management.compiler" value="HotSpot 64-Bit Tiered Compilers"/>
    <property name="ftp.nonProxyHosts" value="local|*.local|169.254/16|*.169.254/16"/>
    <property name="java.runtime.version" value="1.8.0_221-b11"/>
    <property name="user.name" value="bhavya"/>
    <property name="path.separator" value=":"/>
    <property name="os.version" value="10.14.5"/>
    <property name="java.endorsed.dirs" value="/Library/Java/JavaVirtualMachines/jdk1.8.0_221.jdk/Contents/Home/jre/lib/endorsed"/>
    <property name="java.runtime.name" value="Java(TM) SE Runtime Environment"/>
    <property name="file.encoding" value="UTF-8"/>
    <property name="java.vm.name" value="Java HotSpot(TM) 64-Bit Server VM"/>
    <property name="localRepository" value="/Users/bhavya/apache-maven-3.6.2/repo"/>
    <property name="java.vendor.url.bug" value="http://bugreport.sun.com/bugreport/"/>
    <property name="java.io.tmpdir" value="/var/folders/j9/gq53jgqx281_jntf3l2dxvh80000gn/T/"/>
    <property name="java.version" value="1.8.0_221"/>
    <property name="user.dir" value="/Users/bhavya/Desktop/Java/springbootstarterparent1"/>
    <property name="os.arch" value="x86_64"/>
    <property name="java.vm.specification.name" value="Java Virtual Machine Specification"/>
    <property name="java.awt.printerjob" value="sun.lwawt.macosx.CPrinterJob"/>
    <property name="sun.os.patch.level" value="unknown"/>
    <property name="java.library.path" value="/Users/bhavya/Library/Java/Extensions:/Library/Java/Extensions:/Network/Library/Java/Extensions:/System/Library/Java/Extensions:/usr/lib/java:."/>
    <property name="java.vm.info" value="mixed mode"/>
    <property name="java.vendor" value="Oracle Corporation"/>
    <property name="java.vm.version" value="25.221-b11"/>
    <property name="java.ext.dirs" value="/Users/bhavya/Library/Java/Extensions:/Library/Java/JavaVirtualMachines/jdk1.8.0_221.jdk/Contents/Home/jre/lib/ext:/Library/Java/Extensions:/Network/Library/Java/Extensions:/System/Library/Java/Extensions:/usr/lib/java"/>
    <property name="sun.io.unicode.encoding" value="UnicodeBig"/>
    <property name="java.class.version" value="52.0"/>
    <property name="socksNonProxyHosts" value="local|*.local|169.254/16|*.169.254/16"/>
  </properties>
  <testcase name="searchFlightDetails" classname="org.flightBooking.Services.FlightServiceTest" time="0.225"/>
</testsuite>